Performing C SOURCE FILE Test CMAKE_HAVE_LIBC_PTHREAD failed with the following output:
Change Dir: /home/frarese/Documenti/Algo/week10/light/CMakeFiles/CMakeTmp

Run Build Command(s):/usr/bin/make cmTC_354b0/fast && /usr/bin/make -f CMakeFiles/cmTC_354b0.dir/build.make CMakeFiles/cmTC_354b0.dir/build
make[1]: ingresso nella directory "/home/frarese/Documenti/Algo/week10/light/CMakeFiles/CMakeTmp"
Building C object CMakeFiles/cmTC_354b0.dir/src.c.o
/usr/bin/cc   -DCMAKE_HAVE_LIBC_PTHREAD   -o CMakeFiles/cmTC_354b0.dir/src.c.o   -c /home/frarese/Documenti/Algo/week10/light/CMakeFiles/CMakeTmp/src.c
Linking C executable cmTC_354b0
/usr/bin/cmake -E cmake_link_script CMakeFiles/cmTC_354b0.dir/link.txt --verbose=1
/usr/bin/cc  -DCMAKE_HAVE_LIBC_PTHREAD    -rdynamic CMakeFiles/cmTC_354b0.dir/src.c.o  -o cmTC_354b0 
/usr/bin/ld: CMakeFiles/cmTC_354b0.dir/src.c.o: in function `main':
src.c:(.text+0x3e): undefined reference to `pthread_create'
/usr/bin/ld: src.c:(.text+0x4a): undefined reference to `pthread_detach'
/usr/bin/ld: src.c:(.text+0x5b): undefined reference to `pthread_join'
collect2: error: ld returned 1 exit status
make[1]: *** [CMakeFiles/cmTC_354b0.dir/build.make:87: cmTC_354b0] Error 1
make[1]: uscita dalla directory "/home/frarese/Documenti/Algo/week10/light/CMakeFiles/CMakeTmp"
make: *** [Makefile:121: cmTC_354b0/fast] Error 2


Source file was:
#include <pthread.h>

void* test_func(void* data)
{
  return data;
}

int main(void)
{
  pthread_t thread;
  pthread_create(&thread, NULL, test_func, NULL);
  pthread_detach(thread);
  pthread_join(thread, NULL);
  pthread_atfork(NULL, NULL, NULL);
  pthread_exit(NULL);

  return 0;
}

Determining if the function pthread_create exists in the pthreads failed with the following output:
Change Dir: /home/frarese/Documenti/Algo/week10/light/CMakeFiles/CMakeTmp

Run Build Command(s):/usr/bin/make cmTC_72b09/fast && /usr/bin/make -f CMakeFiles/cmTC_72b09.dir/build.make CMakeFiles/cmTC_72b09.dir/build
make[1]: ingresso nella directory "/home/frarese/Documenti/Algo/week10/light/CMakeFiles/CMakeTmp"
Building C object CMakeFiles/cmTC_72b09.dir/CheckFunctionExists.c.o
/usr/bin/cc   -DCHECK_FUNCTION_EXISTS=pthread_create   -o CMakeFiles/cmTC_72b09.dir/CheckFunctionExists.c.o   -c /usr/share/cmake-3.15/Modules/CheckFunctionExists.c
Linking C executable cmTC_72b09
/usr/bin/cmake -E cmake_link_script CMakeFiles/cmTC_72b09.dir/link.txt --verbose=1
/usr/bin/cc  -DCHECK_FUNCTION_EXISTS=pthread_create    -rdynamic CMakeFiles/cmTC_72b09.dir/CheckFunctionExists.c.o  -o cmTC_72b09 -lpthreads 
/usr/bin/ld: impossibile trovare -lpthreads
collect2: error: ld returned 1 exit status
make[1]: *** [CMakeFiles/cmTC_72b09.dir/build.make:87: cmTC_72b09] Error 1
make[1]: uscita dalla directory "/home/frarese/Documenti/Algo/week10/light/CMakeFiles/CMakeTmp"
make: *** [Makefile:121: cmTC_72b09/fast] Error 2



